<?xml version="1.0" encoding="UTF-8"?>
<!-- Generated by org.testng.reporters.JUnitReportReporter -->
<testsuite hostname="maretskas-Mac-miniQA.local" name="com.iosdriver.feature.AllTest" tests="1" failures="0" timestamp="8 Sep 2014 06:33:32 GMT" time="413.200" errors="0">
  <testcase name="test" time="413.200" classname="com.iosdriver.feature.AllTest"/>
</testsuite> <!-- com.iosdriver.feature.AllTest -->
