<?xml version="1.0" encoding="UTF-8"?>
<!-- Generated by org.testng.reporters.JUnitReportReporter -->
<testsuite hostname="maretskas-Mac-miniQA.local" name="com.westernunion.feature.AllTest" tests="2" failures="2" timestamp="18 Sep 2014 08:30:55 GMT" time="326.630" errors="0">
  <testcase name="test" time="313.094" classname="com.westernunion.feature.AllTest">
    <failure type="java.lang.ClassCastException" message="org.openqa.selenium.remote.RemoteWebElement cannot be cast to org.uiautomation.ios.client.uiamodels.impl.RemoteUIAPickerWheel">
      <![CDATA[java.lang.ClassCastException: org.openqa.selenium.remote.RemoteWebElement cannot be cast to org.uiautomation.ios.client.uiamodels.impl.RemoteUIAPickerWheel
	at com.westernunion.resources.RegistrationActivity.registrationActivityPage(RegistrationActivity.java:95)
	at com.westernunion.feature.AllTest.test(AllTest.java:28)
	at sun.reflect.NativeMethodAccessorImpl.invoke0(Native Method)
	at sun.reflect.NativeMethodAccessorImpl.invoke(NativeMethodAccessorImpl.java:57)
	at sun.reflect.DelegatingMethodAccessorImpl.invoke(DelegatingMethodAccessorImpl.java:43)
	at java.lang.reflect.Method.invoke(Method.java:606)
	at org.testng.internal.MethodInvocationHelper.invokeMethod(MethodInvocationHelper.java:84)
	at org.testng.internal.Invoker.invokeMethod(Invoker.java:714)
	at org.testng.internal.Invoker.invokeTestMethod(Invoker.java:901)
	at org.testng.internal.Invoker.invokeTestMethods(Invoker.java:1231)
	at org.testng.internal.TestMethodWorker.invokeTestMethods(TestMethodWorker.java:127)
	at org.testng.internal.TestMethodWorker.run(TestMethodWorker.java:111)
	at org.testng.TestRunner.privateRun(TestRunner.java:767)
	at org.testng.TestRunner.run(TestRunner.java:617)
	at org.testng.SuiteRunner.runTest(SuiteRunner.java:334)
	at org.testng.SuiteRunner.runSequentially(SuiteRunner.java:329)
	at org.testng.SuiteRunner.privateRun(SuiteRunner.java:291)
	at org.testng.SuiteRunner.run(SuiteRunner.java:240)
	at org.testng.SuiteRunnerWorker.runSuite(SuiteRunnerWorker.java:52)
	at org.testng.SuiteRunnerWorker.run(SuiteRunnerWorker.java:86)
	at org.testng.TestNG.runSuitesSequentially(TestNG.java:1224)
	at org.testng.TestNG.runSuitesLocally(TestNG.java:1149)
	at org.testng.TestNG.run(TestNG.java:1057)
	at org.testng.remote.RemoteTestNG.run(RemoteTestNG.java:111)
	at org.testng.remote.RemoteTestNG.initAndRun(RemoteTestNG.java:204)
	at org.testng.remote.RemoteTestNG.main(RemoteTestNG.java:175)
]]>
    </failure>
  </testcase> <!-- test -->
  <testcase name="test" time="13.536" classname="com.westernunion.feature.AllTest">
    <failure type="org.openqa.selenium.SessionNotCreatedException" message="The requested application under test is not configured in selendroid server.
io.selendroid.exceptions.SessionNotCreatedException: The requested application under test is not configured in selendroid server.
	at io.selendroid.server.model.SelendroidStandaloneDriver.createNewTestSession(SelendroidStandaloneDriver.java:257)
	at io.selendroid.server.handler.CreateSessionHandler.handle(CreateSessionHandler.java:41)
	at io.selendroid.server.SelendroidServlet.handleRequest(SelendroidServlet.java:127)
	at io.selendroid.server.BaseServlet.handleHttpRequest(BaseServlet.java:70)
	at org.webbitserver.netty.NettyHttpControl.nextHandler(NettyHttpControl.java:78)
	at org.webbitserver.netty.NettyHttpControl.nextHandler(NettyHttpControl.java:62)
	at org.webbitserver.handler.PathMatchHandler.handleHttpRequest(PathMatchHandler.java:33)
	at org.webbitserver.netty.NettyHttpControl.nextHandler(NettyHttpControl.java:78)
	at org.webbitserver.netty.NettyHttpControl.nextHandler(NettyHttpControl.java:62)
	at org.webbitserver.handler.DateHeaderHandler.handleHttpRequest(DateHeaderHandler.java:21)
	at org.webbitserver.netty.NettyHttpControl.nextHandler(NettyHttpControl.java:78)
	at org.webbitserver.netty.NettyHttpControl.nextHandler(NettyHttpControl.java:62)
	at org.webbitserver.handler.ServerHeaderHandler.handleHttpRequest(ServerHeaderHandler.java:25)
	at org.webbitserver.netty.NettyHttpControl.nextHandler(NettyHttpControl.java:78)
	at org.webbitserver.netty.NettyHttpControl.nextHandler(NettyHttpControl.java:67)
	at org.webbitserver.netty.NettyHttpChannelHandler$2.run(NettyHttpChannelHandler.java:72)
	at java.util.concurrent.ThreadPoolExecutor.runWorker(ThreadPoolExecutor.java:1145)
	at java.util.concurrent.ThreadPoolExecutor$Worker.run(ThreadPoolExecutor.java:615)
	at java.lang.Thread.run(Thread.java:745)

Command duration or timeout: 6 milliseconds
Build info: version: &#039;unknown&#039;, revision: &#039;unknown&#039;, time: &#039;unknown&#039;
System info: host: &#039;maretskas-Mac-miniQA.local&#039;, ip: &#039;192.168.2.1&#039;, os.name: &#039;Mac OS X&#039;, os.arch: &#039;x86_64&#039;, os.version: &#039;10.8.5&#039;, java.version: &#039;1.7.0_60&#039;
Driver info: io.selendroid.SelendroidDriver">
      <![CDATA[org.openqa.selenium.SessionNotCreatedException: The requested application under test is not configured in selendroid server.
io.selendroid.exceptions.SessionNotCreatedException: The requested application under test is not configured in selendroid server.
	at io.selendroid.server.model.SelendroidStandaloneDriver.createNewTestSession(SelendroidStandaloneDriver.java:257)
	at io.selendroid.server.handler.CreateSessionHandler.handle(CreateSessionHandler.java:41)
	at io.selendroid.server.SelendroidServlet.handleRequest(SelendroidServlet.java:127)
	at io.selendroid.server.BaseServlet.handleHttpRequest(BaseServlet.java:70)
	at org.webbitserver.netty.NettyHttpControl.nextHandler(NettyHttpControl.java:78)
	at org.webbitserver.netty.NettyHttpControl.nextHandler(NettyHttpControl.java:62)
	at org.webbitserver.handler.PathMatchHandler.handleHttpRequest(PathMatchHandler.java:33)
	at org.webbitserver.netty.NettyHttpControl.nextHandler(NettyHttpControl.java:78)
	at org.webbitserver.netty.NettyHttpControl.nextHandler(NettyHttpControl.java:62)
	at org.webbitserver.handler.DateHeaderHandler.handleHttpRequest(DateHeaderHandler.java:21)
	at org.webbitserver.netty.NettyHttpControl.nextHandler(NettyHttpControl.java:78)
	at org.webbitserver.netty.NettyHttpControl.nextHandler(NettyHttpControl.java:62)
	at org.webbitserver.handler.ServerHeaderHandler.handleHttpRequest(ServerHeaderHandler.java:25)
	at org.webbitserver.netty.NettyHttpControl.nextHandler(NettyHttpControl.java:78)
	at org.webbitserver.netty.NettyHttpControl.nextHandler(NettyHttpControl.java:67)
	at org.webbitserver.netty.NettyHttpChannelHandler$2.run(NettyHttpChannelHandler.java:72)
	at java.util.concurrent.ThreadPoolExecutor.runWorker(ThreadPoolExecutor.java:1145)
	at java.util.concurrent.ThreadPoolExecutor$Worker.run(ThreadPoolExecutor.java:615)
	at java.lang.Thread.run(Thread.java:745)

Command duration or timeout: 6 milliseconds
Build info: version: 'unknown', revision: 'unknown', time: 'unknown'
System info: host: 'maretskas-Mac-miniQA.local', ip: '192.168.2.1', os.name: 'Mac OS X', os.arch: 'x86_64', os.version: '10.8.5', java.version: '1.7.0_60'
Driver info: io.selendroid.SelendroidDriver
	at sun.reflect.NativeConstructorAccessorImpl.newInstance0(Native Method)
	at sun.reflect.NativeConstructorAccessorImpl.newInstance(NativeConstructorAccessorImpl.java:57)
	at sun.reflect.DelegatingConstructorAccessorImpl.newInstance(DelegatingConstructorAccessorImpl.java:45)
	at java.lang.reflect.Constructor.newInstance(Constructor.java:526)
	at org.openqa.selenium.remote.ErrorHandler.createThrowable(ErrorHandler.java:193)
	at org.openqa.selenium.remote.ErrorHandler.throwIfResponseFailed(ErrorHandler.java:145)
	at org.openqa.selenium.remote.RemoteWebDriver.execute(RemoteWebDriver.java:595)
	at org.openqa.selenium.remote.RemoteWebDriver.startSession(RemoteWebDriver.java:240)
	at org.openqa.selenium.remote.RemoteWebDriver.<init>(RemoteWebDriver.java:126)
	at org.openqa.selenium.remote.RemoteWebDriver.<init>(RemoteWebDriver.java:153)
	at org.openqa.selenium.remote.RemoteWebDriver.<init>(RemoteWebDriver.java:143)
	at io.selendroid.SelendroidDriver.<init>(SelendroidDriver.java:47)
	at com.iosdriver.util.CommonUtils.launchWuApp(CommonUtils.java:90)
	at com.iosdriver.util.CommonUtils.selectedPlatformServer(CommonUtils.java:123)
	at com.westernunion.feature.AllTest.test(AllTest.java:21)
	at sun.reflect.NativeMethodAccessorImpl.invoke0(Native Method)
	at sun.reflect.NativeMethodAccessorImpl.invoke(NativeMethodAccessorImpl.java:57)
	at sun.reflect.DelegatingMethodAccessorImpl.invoke(DelegatingMethodAccessorImpl.java:43)
	at java.lang.reflect.Method.invoke(Method.java:606)
	at org.testng.internal.MethodInvocationHelper.invokeMethod(MethodInvocationHelper.java:84)
	at org.testng.internal.Invoker.invokeMethod(Invoker.java:714)
	at org.testng.internal.Invoker.invokeTestMethod(Invoker.java:901)
	at org.testng.internal.Invoker.invokeTestMethods(Invoker.java:1231)
	at org.testng.internal.TestMethodWorker.invokeTestMethods(TestMethodWorker.java:127)
	at org.testng.internal.TestMethodWorker.run(TestMethodWorker.java:111)
	at org.testng.TestRunner.privateRun(TestRunner.java:767)
	at org.testng.TestRunner.run(TestRunner.java:617)
	at org.testng.SuiteRunner.runTest(SuiteRunner.java:334)
	at org.testng.SuiteRunner.runSequentially(SuiteRunner.java:329)
	at org.testng.SuiteRunner.privateRun(SuiteRunner.java:291)
	at org.testng.SuiteRunner.run(SuiteRunner.java:240)
	at org.testng.SuiteRunnerWorker.runSuite(SuiteRunnerWorker.java:52)
	at org.testng.SuiteRunnerWorker.run(SuiteRunnerWorker.java:86)
	at org.testng.TestNG.runSuitesSequentially(TestNG.java:1224)
	at org.testng.TestNG.runSuitesLocally(TestNG.java:1149)
	at org.testng.TestNG.run(TestNG.java:1057)
	at org.testng.remote.RemoteTestNG.run(RemoteTestNG.java:111)
	at org.testng.remote.RemoteTestNG.initAndRun(RemoteTestNG.java:204)
	at org.testng.remote.RemoteTestNG.main(RemoteTestNG.java:175)
Caused by: io.selendroid.exceptions.SessionNotCreatedException: The requested application under test is not configured in selendroid server.
io.selendroid.exceptions.SessionNotCreatedException: The requested application under test is not configured in selendroid server.
	at io.selendroid.server.model.SelendroidStandaloneDriver.createNewTestSession(SelendroidStandaloneDriver.java:257)
	at io.selendroid.server.handler.CreateSessionHandler.handle(CreateSessionHandler.java:41)
	at io.selendroid.server.SelendroidServlet.handleRequest(SelendroidServlet.java:127)
	at io.selendroid.server.BaseServlet.handleHttpRequest(BaseServlet.java:70)
	at org.webbitserver.netty.NettyHttpControl.nextHandler(NettyHttpControl.java:78)
	at org.webbitserver.netty.NettyHttpControl.nextHandler(NettyHttpControl.java:62)
	at org.webbitserver.handler.PathMatchHandler.handleHttpRequest(PathMatchHandler.java:33)
	at org.webbitserver.netty.NettyHttpControl.nextHandler(NettyHttpControl.java:78)
	at org.webbitserver.netty.NettyHttpControl.nextHandler(NettyHttpControl.java:62)
	at org.webbitserver.handler.DateHeaderHandler.handleHttpRequest(DateHeaderHandler.java:21)
	at org.webbitserver.netty.NettyHttpControl.nextHandler(NettyHttpControl.java:78)
	at org.webbitserver.netty.NettyHttpControl.nextHandler(NettyHttpControl.java:62)
	at org.webbitserver.handler.ServerHeaderHandler.handleHttpRequest(ServerHeaderHandler.java:25)
	at org.webbitserver.netty.NettyHttpControl.nextHandler(NettyHttpControl.java:78)
	at org.webbitserver.netty.NettyHttpControl.nextHandler(NettyHttpControl.java:67)
	at org.webbitserver.netty.NettyHttpChannelHandler$2.run(NettyHttpChannelHandler.java:72)
	at java.util.concurrent.ThreadPoolExecutor.runWorker(ThreadPoolExecutor.java:1145)
	at java.util.concurrent.ThreadPoolExecutor$Worker.run(ThreadPoolExecutor.java:615)
	at java.lang.Thread.run(Thread.java:745)

]]>
    </failure>
  </testcase> <!-- test -->
</testsuite> <!-- com.westernunion.feature.AllTest -->
